<?xml version="1.0" encoding="utf-8"?>
<test-run id="2" testcasecount="4" result="Passed" total="4" passed="4" failed="0" inconclusive="0" skipped="0" asserts="0" engine-version="3.5.0.0" clr-version="4.0.30319.42000" start-time="2026-09-21 01:37:23Z" end-time="2026-09-21 01:37:24Z" duration="1.6703216">
  <test-suite type="TestSuite" id="1000" name="FlyBrainUnity" fullname="FlyBrainUnity" runstate="Runnable" testcasecount="39" result="Passed" start-time="2026-09-21 01:37:23Z" end-time="2026-09-21 01:37:24Z" duration="1.670322" total="4" passed="4" failed="0" inconclusive="0" skipped="0" asserts="0">
    <properties>
      <property name="platform" value="EditMode" />
    </properties>
    <test-suite type="Assembly" id="1046" name="M7FReplay.EditorTests.dll" fullname="C:/Users/legen/Documents/FlyBrainUnity/FlyBrainUnity/Library/ScriptAssemblies/M7FReplay.EditorTests.dll" runstate="Runnable" testcasecount="39" result="Passed" start-time="2026-09-21 01:37:23Z" end-time="2026-09-21 01:37:24Z" duration="1.665884" total="4" passed="4" failed="0" inconclusive="0" skipped="0" asserts="0">
      <properties>
        <property name="_PID" value="13980" />
        <property name="_APPDOMAIN" value="Unity Child Domain" />
        <property name="platform" value="EditMode" />
        <property name="EditorOnly" value="True" />
      </properties>
      <test-suite type="TestSuite" id="1047" name="FlyBrain" fullname="FlyBrain" runstate="Runnable" testcasecount="39" result="Passed" start-time="2026-09-21 01:37:23Z" end-time="2026-09-21 01:37:24Z" duration="1.665197" total="4" passed="4" failed="0" inconclusive="0" skipped="0" asserts="0">
        <properties />
        <test-suite type="TestSuite" id="1048" name="Tests" fullname="FlyBrain.Tests" runstate="Runnable" testcasecount="39" result="Passed" start-time="2026-09-21 01:37:23Z" end-time="2026-09-21 01:37:24Z" duration="1.664691" total="4" passed="4" failed="0" inconclusive="0" skipped="0" asserts="0">
          <properties />
          <test-suite type="TestFixture" id="1041" name="M7FVis3AnatomyTests" fullname="FlyBrain.Tests.M7FVis3AnatomyTests" classname="FlyBrain.Tests.M7FVis3AnatomyTests" runstate="Runnable" testcasecount="4" result="Passed" start-time="2026-09-21 01:37:23Z" end-time="2026-09-21 01:37:24Z" duration="1.663800" total="4" passed="4" failed="0" inconclusive="0" skipped="0" asserts="0">
            <properties />
            <test-case id="1043" name="AnatomyAttachesToManifestParentsWithOnlyRemainingLocalTransform" fullname="FlyBrain.Tests.M7FVis3AnatomyTests.AnatomyAttachesToManifestParentsWithOnlyRemainingLocalTransform" methodname="AnatomyAttachesToManifestParentsWithOnlyRemainingLocalTransform" classname="FlyBrain.Tests.M7FVis3AnatomyTests" runstate="Runnable" seed="490422666" result="Passed" start-time="2026-09-21 01:37:23Z" end-time="2026-09-21 01:37:24Z" duration="1.583374" asserts="0">
              <properties>
                <property name="retryIteration" value="0" />
                <property name="repeatIteration" value="0" />
              </properties>
            </test-case>
            <test-case id="1044" name="GeneratedObjIsAlreadyConvertedAndHasNoRuntimeHandednessOperation" fullname="FlyBrain.Tests.M7FVis3AnatomyTests.GeneratedObjIsAlreadyConvertedAndHasNoRuntimeHandednessOperation" methodname="GeneratedObjIsAlreadyConvertedAndHasNoRuntimeHandednessOperation" classname="FlyBrain.Tests.M7FVis3AnatomyTests" runstate="Runnable" seed="1858817952" result="Passed" start-time="2026-09-21 01:37:24Z" end-time="2026-09-21 01:37:24Z" duration="0.017813" asserts="0">
              <properties>
                <property name="retryIteration" value="0" />
                <property name="repeatIteration" value="0" />
              </properties>
            </test-case>
            <test-case id="1042" name="ManifestIsTheCompleteExtractedSixtyNineMeshInventory" fullname="FlyBrain.Tests.M7FVis3AnatomyTests.ManifestIsTheCompleteExtractedSixtyNineMeshInventory" methodname="ManifestIsTheCompleteExtractedSixtyNineMeshInventory" classname="FlyBrain.Tests.M7FVis3AnatomyTests" runstate="Runnable" seed="884653509" result="Passed" start-time="2026-09-21 01:37:24Z" end-time="2026-09-21 01:37:24Z" duration="0.004426" asserts="0">
              <properties>
                <property name="retryIteration" value="0" />
                <property name="repeatIteration" value="0" />
              </properties>
            </test-case>
            <test-case id="1045" name="ScientificArtifactsAndCanonicalReplaysRemainByteIdentical" fullname="FlyBrain.Tests.M7FVis3AnatomyTests.ScientificArtifactsAndCanonicalReplaysRemainByteIdentical" methodname="ScientificArtifactsAndCanonicalReplaysRemainByteIdentical" classname="FlyBrain.Tests.M7FVis3AnatomyTests" runstate="Runnable" seed="1722907555" result="Passed" start-time="2026-09-21 01:37:24Z" end-time="2026-09-21 01:37:24Z" duration="0.050370" asserts="0">
              <properties>
                <property name="retryIteration" value="0" />
                <property name="repeatIteration" value="0" />
              </properties>
              <output><![CDATA[Saving results to: C:/Users/legen/AppData/LocalLow/DefaultCompany/FlyBrainUnity\TestResults.xml
]]></output>
            </test-case>
          </test-suite>
        </test-suite>
      </test-suite>
    </test-suite>
  </test-suite>
</test-run>