<?xml version="1.0" encoding="utf-8"?>
<test-run id="2" testcasecount="4" result="Passed" total="4" passed="4" failed="0" inconclusive="0" skipped="0" asserts="0" engine-version="3.5.0.0" clr-version="4.0.30319.42000" start-time="2026-09-23 01:25:55Z" end-time="2026-09-23 01:25:55Z" duration="0.1317342">
  <test-suite type="TestSuite" id="1000" name="FlyBrainUnity" fullname="FlyBrainUnity" runstate="Runnable" testcasecount="48" result="Passed" start-time="2026-09-23 01:25:55Z" end-time="2026-09-23 01:25:55Z" duration="0.131734" total="4" passed="4" failed="0" inconclusive="0" skipped="0" asserts="0">
    <properties>
      <property name="platform" value="EditMode" />
    </properties>
    <test-suite type="Assembly" id="1057" name="M7FReplay.EditorTests.dll" fullname="C:/Users/legen/Documents/FlyBrainUnity/FlyBrainUnity/Library/ScriptAssemblies/M7FReplay.EditorTests.dll" runstate="Runnable" testcasecount="48" result="Passed" start-time="2026-09-23 01:25:55Z" end-time="2026-09-23 01:25:55Z" duration="0.127408" total="4" passed="4" failed="0" inconclusive="0" skipped="0" asserts="0">
      <properties>
        <property name="_PID" value="24328" />
        <property name="_APPDOMAIN" value="Unity Child Domain" />
        <property name="platform" value="EditMode" />
        <property name="EditorOnly" value="True" />
      </properties>
      <test-suite type="TestSuite" id="1058" name="FlyBrain" fullname="FlyBrain" runstate="Runnable" testcasecount="48" result="Passed" start-time="2026-09-23 01:25:55Z" end-time="2026-09-23 01:25:55Z" duration="0.126658" total="4" passed="4" failed="0" inconclusive="0" skipped="0" asserts="0">
        <properties />
        <test-suite type="TestSuite" id="1059" name="Tests" fullname="FlyBrain.Tests" runstate="Runnable" testcasecount="48" result="Passed" start-time="2026-09-23 01:25:55Z" end-time="2026-09-23 01:25:55Z" duration="0.126024" total="4" passed="4" failed="0" inconclusive="0" skipped="0" asserts="0">
          <properties />
          <test-suite type="TestFixture" id="1052" name="M9DReplayTests" fullname="FlyBrain.Tests.M9DReplayTests" classname="FlyBrain.Tests.M9DReplayTests" runstate="Runnable" testcasecount="4" result="Passed" start-time="2026-09-23 01:25:55Z" end-time="2026-09-23 01:25:55Z" duration="0.125024" total="4" passed="4" failed="0" inconclusive="0" skipped="0" asserts="0">
            <properties />
            <test-case id="1054" name="ComparisonOffsetsArePresentationOnlyAndDefaultPairIsAPVersusBP" fullname="FlyBrain.Tests.M9DReplayTests.ComparisonOffsetsArePresentationOnlyAndDefaultPairIsAPVersusBP" methodname="ComparisonOffsetsArePresentationOnlyAndDefaultPairIsAPVersusBP" classname="FlyBrain.Tests.M9DReplayTests" runstate="Runnable" seed="1801892747" result="Passed" start-time="2026-09-23 01:25:55Z" end-time="2026-09-23 01:25:55Z" duration="0.010964" asserts="0">
              <properties>
                <property name="retryIteration" value="0" />
                <property name="repeatIteration" value="0" />
              </properties>
            </test-case>
            <test-case id="1055" name="ForceArrowIsPurePresentationAndCannotApplyForce" fullname="FlyBrain.Tests.M9DReplayTests.ForceArrowIsPurePresentationAndCannotApplyForce" methodname="ForceArrowIsPurePresentationAndCannotApplyForce" classname="FlyBrain.Tests.M9DReplayTests" runstate="Runnable" seed="662048490" result="Passed" start-time="2026-09-23 01:25:55Z" end-time="2026-09-23 01:25:55Z" duration="0.003854" asserts="0">
              <properties>
                <property name="retryIteration" value="0" />
                <property name="repeatIteration" value="0" />
              </properties>
            </test-case>
            <test-case id="1053" name="LoaderParsesExactPhysicalSchemaAndRejectsTrailingBytes" fullname="FlyBrain.Tests.M9DReplayTests.LoaderParsesExactPhysicalSchemaAndRejectsTrailingBytes" methodname="LoaderParsesExactPhysicalSchemaAndRejectsTrailingBytes" classname="FlyBrain.Tests.M9DReplayTests" runstate="Runnable" seed="156235124" result="Passed" start-time="2026-09-23 01:25:55Z" end-time="2026-09-23 01:25:55Z" duration="0.102305" asserts="0">
              <properties>
                <property name="retryIteration" value="0" />
                <property name="repeatIteration" value="0" />
              </properties>
            </test-case>
            <test-case id="1056" name="ScientificLabelsUseRequiredMotorGateLanguage" fullname="FlyBrain.Tests.M9DReplayTests.ScientificLabelsUseRequiredMotorGateLanguage" methodname="ScientificLabelsUseRequiredMotorGateLanguage" classname="FlyBrain.Tests.M9DReplayTests" runstate="Runnable" seed="1278237104" result="Passed" start-time="2026-09-23 01:25:55Z" end-time="2026-09-23 01:25:55Z" duration="0.000187" asserts="0">
              <properties>
                <property name="retryIteration" value="0" />
                <property name="repeatIteration" value="0" />
              </properties>
              <output><![CDATA[Saving results to: C:/Users/legen/AppData/LocalLow/DefaultCompany/FlyBrainUnity\TestResults.xml
]]></output>
            </test-case>
          </test-suite>
        </test-suite>
      </test-suite>
    </test-suite>
  </test-suite>
</test-run>